<?xml version="1.0" encoding="UTF-8"?>
<!-- Generated by org.testng.reporters.JUnitReportReporter -->
<testsuite hostname="LAPTOP-VU9JH5KI" failures="0" tests="2" name="com.internetapp.tests.parallelExecution.TestNG_Parallel3" time="2.015" errors="0" timestamp="2020-07-02T23:50:08 IST" skipped="0">
  <testcase classname="com.internetapp.tests.parallelExecution.TestNG_Parallel3" name="testMethod1" time="1.014"/>
  <system-out/>
  <testcase classname="com.internetapp.tests.parallelExecution.TestNG_Parallel3" name="testMethod2" time="1.001"/>
  <system-out/>
</testsuite> <!-- com.internetapp.tests.parallelExecution.TestNG_Parallel3 -->
