<?xml version="1.0" encoding="UTF-8"?>
<!-- Generated by org.testng.reporters.JUnitReportReporter -->
<testsuite hostname="LAPTOP-VU9JH5KI" failures="0" tests="4" name="com.internetapp.tests.parallelExecution.ParallelClassesExample1" time="0.063" errors="0" timestamp="2020-07-02T23:50:08 IST" skipped="0">
  <testcase classname="com.internetapp.tests.parallelExecution.ParallelClassesExample1" name="testCase2" time="0.004"/>
  <system-out/>
  <testcase classname="com.internetapp.tests.parallelExecution.ParallelClassesExample1" name="testCase4" time="0.003"/>
  <system-out/>
  <testcase classname="com.internetapp.tests.parallelExecution.ParallelClassesExample1" name="testCase3" time="0.003"/>
  <system-out/>
  <testcase classname="com.internetapp.tests.parallelExecution.ParallelClassesExample1" name="testCase1" time="0.053"/>
  <system-out/>
</testsuite> <!-- com.internetapp.tests.parallelExecution.ParallelClassesExample1 -->
