<?xml version="1.0" encoding="UTF-8"?>
<!-- Generated by org.testng.reporters.JUnitReportReporter -->
<testsuite hostname="LAPTOP-VU9JH5KI" failures="0" tests="2" name="com.internetapp.tests.parallelExecution.TestNG_Parallel1" time="5.036" errors="0" timestamp="2020-07-02T16:25:50 IST" skipped="0">
  <testcase classname="com.internetapp.tests.parallelExecution.TestNG_Parallel1" name="testMethod1" time="1.028"/>
  <system-out/>
  <testcase classname="com.internetapp.tests.parallelExecution.TestNG_Parallel1" name="testMethod2" time="4.008"/>
  <system-out/>
</testsuite> <!-- com.internetapp.tests.parallelExecution.TestNG_Parallel1 -->
