<?xml version="1.0" encoding="UTF-8"?>
<!-- Generated by org.testng.reporters.JUnitReportReporter -->
<testsuite hostname="LAPTOP-VU9JH5KI" failures="0" tests="4" name="com.internetapp.tests.parallelExecution.ParallelClassesExample2" time="0.064" errors="0" timestamp="2020-07-02T23:50:08 IST" skipped="0">
  <testcase classname="com.internetapp.tests.parallelExecution.ParallelClassesExample2" name="testCase8" time="0.003"/>
  <system-out/>
  <testcase classname="com.internetapp.tests.parallelExecution.ParallelClassesExample2" name="testCase6" time="0.004"/>
  <system-out/>
  <testcase classname="com.internetapp.tests.parallelExecution.ParallelClassesExample2" name="testCase7" time="0.002"/>
  <system-out/>
  <testcase classname="com.internetapp.tests.parallelExecution.ParallelClassesExample2" name="testCase5" time="0.055"/>
  <system-out/>
</testsuite> <!-- com.internetapp.tests.parallelExecution.ParallelClassesExample2 -->
