<?xml version="1.0" encoding="UTF-8"?>
<!-- Generated by org.testng.reporters.JUnitReportReporter -->
<testsuite hostname="LAPTOP-VU9JH5KI" failures="0" tests="4" name="com.internetapp.tests.groups.TestNG_Grouping2" time="0.018" errors="0" timestamp="2020-07-01T23:59:52 IST" skipped="0">
  <testcase classname="com.internetapp.tests.groups.TestNG_Grouping2" name="testHondaCBR" time="0.004"/>
  <system-out/>
  <testcase classname="com.internetapp.tests.groups.TestNG_Grouping2" name="testAudiA6" time="0.008"/>
  <system-out/>
  <testcase classname="com.internetapp.tests.groups.TestNG_Grouping2" name="testNinja" time="0.004"/>
  <system-out/>
  <testcase classname="com.internetapp.tests.groups.TestNG_Grouping2" name="testBMWX6" time="0.002"/>
  <system-out/>
</testsuite> <!-- com.internetapp.tests.groups.TestNG_Grouping2 -->
